<?xml version="1.0" encoding="UTF-8"?>
<!-- Generated by org.testng.reporters.JUnitReportReporter -->
<testsuite hostname="DESKTOP-DB8A208" failures="0" tests="10" name="com.urbanladder.runner.runner" time="129.406" errors="0" timestamp="27 Sep 2021 12:35:03 GMT">
  <testcase classname="com.urbanladder.runner.runner" name="runScenario" time="16.107"/>
  <testcase classname="com.urbanladder.runner.runner" name="runScenario" time="1.968"/>
  <testcase classname="com.urbanladder.runner.runner" name="runScenario" time="21.940"/>
  <testcase classname="com.urbanladder.runner.runner" name="runScenario" time="14.565"/>
  <testcase classname="com.urbanladder.runner.runner" name="runScenario" time="11.471"/>
  <testcase classname="com.urbanladder.runner.runner" name="runScenario" time="14.814"/>
  <testcase classname="com.urbanladder.runner.runner" name="runScenario" time="17.135"/>
  <testcase classname="com.urbanladder.runner.runner" name="runScenario" time="14.041"/>
  <testcase classname="com.urbanladder.runner.runner" name="runScenario" time="15.430"/>
  <testcase classname="com.urbanladder.runner.runner" name="runScenario" time="1.935"/>
</testsuite> <!-- com.urbanladder.runner.runner -->
